Start testing: Oct 05 21:46 EDT
----------------------------------------------------------
1/29 Testing: CatalogTest.GetTupleDesc
1/29 Test: CatalogTest.GetTupleDesc
Command: "/home/teona/Documents/courses/CS660/cs660-pa/build/tests/db_test" "--gtest_filter=CatalogTest.GetTupleDesc" "--gtest_also_run_disabled_tests"
Directory: /home/teona/Documents/courses/CS660/cs660-pa/build/tests
"CatalogTest.GetTupleDesc" start time: Oct 05 21:46 EDT
Output:
----------------------------------------------------------
Running main() from /home/teona/Documents/courses/CS660/cs660-pa/build/_deps/googletest-src/googletest/src/gtest_main.cc
Note: Google Test filter = CatalogTest.GetTupleDesc
[==========] Running 1 test from 1 test suite.
[----------] Global test environment set-up.
[----------] 1 test from CatalogTest
[ RUN      ] CatalogTest.GetTupleDesc
[       OK ] CatalogTest.GetTupleDesc (0 ms)
[----------] 1 test from CatalogTest (0 ms total)

[----------] Global test environment tear-down
[==========] 1 test from 1 test suite ran. (0 ms total)
[  PASSED  ] 1 test.
<end of output>
Test time =   0.01 sec
----------------------------------------------------------
Test Passed.
"CatalogTest.GetTupleDesc" end time: Oct 05 21:46 EDT
"CatalogTest.GetTupleDesc" time elapsed: 00:00:00
----------------------------------------------------------

2/29 Testing: CatalogTest.GetTableId
2/29 Test: CatalogTest.GetTableId
Command: "/home/teona/Documents/courses/CS660/cs660-pa/build/tests/db_test" "--gtest_filter=CatalogTest.GetTableId" "--gtest_also_run_disabled_tests"
Directory: /home/teona/Documents/courses/CS660/cs660-pa/build/tests
"CatalogTest.GetTableId" start time: Oct 05 21:46 EDT
Output:
----------------------------------------------------------
Running main() from /home/teona/Documents/courses/CS660/cs660-pa/build/_deps/googletest-src/googletest/src/gtest_main.cc
Note: Google Test filter = CatalogTest.GetTableId
[==========] Running 1 test from 1 test suite.
[----------] Global test environment set-up.
[----------] 1 test from CatalogTest
[ RUN      ] CatalogTest.GetTableId
[       OK ] CatalogTest.GetTableId (0 ms)
[----------] 1 test from CatalogTest (0 ms total)

[----------] Global test environment tear-down
[==========] 1 test from 1 test suite ran. (0 ms total)
[  PASSED  ] 1 test.
<end of output>
Test time =   0.01 sec
----------------------------------------------------------
Test Passed.
"CatalogTest.GetTableId" end time: Oct 05 21:46 EDT
"CatalogTest.GetTableId" time elapsed: 00:00:00
----------------------------------------------------------

3/29 Testing: CatalogTest.GetDatabaseFile
3/29 Test: CatalogTest.GetDatabaseFile
Command: "/home/teona/Documents/courses/CS660/cs660-pa/build/tests/db_test" "--gtest_filter=CatalogTest.GetDatabaseFile" "--gtest_also_run_disabled_tests"
Directory: /home/teona/Documents/courses/CS660/cs660-pa/build/tests
"CatalogTest.GetDatabaseFile" start time: Oct 05 21:46 EDT
Output:
----------------------------------------------------------
Running main() from /home/teona/Documents/courses/CS660/cs660-pa/build/_deps/googletest-src/googletest/src/gtest_main.cc
Note: Google Test filter = CatalogTest.GetDatabaseFile
[==========] Running 1 test from 1 test suite.
[----------] Global test environment set-up.
[----------] 1 test from CatalogTest
[ RUN      ] CatalogTest.GetDatabaseFile
[       OK ] CatalogTest.GetDatabaseFile (0 ms)
[----------] 1 test from CatalogTest (0 ms total)

[----------] Global test environment tear-down
[==========] 1 test from 1 test suite ran. (0 ms total)
[  PASSED  ] 1 test.
<end of output>
Test time =   0.01 sec
----------------------------------------------------------
Test Passed.
"CatalogTest.GetDatabaseFile" end time: Oct 05 21:46 EDT
"CatalogTest.GetDatabaseFile" time elapsed: 00:00:00
----------------------------------------------------------

4/29 Testing: CatalogTest.HandleDuplicateNames
4/29 Test: CatalogTest.HandleDuplicateNames
Command: "/home/teona/Documents/courses/CS660/cs660-pa/build/tests/db_test" "--gtest_filter=CatalogTest.HandleDuplicateNames" "--gtest_also_run_disabled_tests"
Directory: /home/teona/Documents/courses/CS660/cs660-pa/build/tests
"CatalogTest.HandleDuplicateNames" start time: Oct 05 21:46 EDT
Output:
----------------------------------------------------------
Running main() from /home/teona/Documents/courses/CS660/cs660-pa/build/_deps/googletest-src/googletest/src/gtest_main.cc
Note: Google Test filter = CatalogTest.HandleDuplicateNames
[==========] Running 1 test from 1 test suite.
[----------] Global test environment set-up.
[----------] 1 test from CatalogTest
[ RUN      ] CatalogTest.HandleDuplicateNames
[       OK ] CatalogTest.HandleDuplicateNames (0 ms)
[----------] 1 test from CatalogTest (0 ms total)

[----------] Global test environment tear-down
[==========] 1 test from 1 test suite ran. (0 ms total)
[  PASSED  ] 1 test.
<end of output>
Test time =   0.01 sec
----------------------------------------------------------
Test Passed.
"CatalogTest.HandleDuplicateNames" end time: Oct 05 21:46 EDT
"CatalogTest.HandleDuplicateNames" time elapsed: 00:00:00
----------------------------------------------------------

5/29 Testing: CatalogTest.HandleDuplicateIds
5/29 Test: CatalogTest.HandleDuplicateIds
Command: "/home/teona/Documents/courses/CS660/cs660-pa/build/tests/db_test" "--gtest_filter=CatalogTest.HandleDuplicateIds" "--gtest_also_run_disabled_tests"
Directory: /home/teona/Documents/courses/CS660/cs660-pa/build/tests
"CatalogTest.HandleDuplicateIds" start time: Oct 05 21:46 EDT
Output:
----------------------------------------------------------
Running main() from /home/teona/Documents/courses/CS660/cs660-pa/build/_deps/googletest-src/googletest/src/gtest_main.cc
Note: Google Test filter = CatalogTest.HandleDuplicateIds
[==========] Running 1 test from 1 test suite.
[----------] Global test environment set-up.
[----------] 1 test from CatalogTest
[ RUN      ] CatalogTest.HandleDuplicateIds
[       OK ] CatalogTest.HandleDuplicateIds (0 ms)
[----------] 1 test from CatalogTest (0 ms total)

[----------] Global test environment tear-down
[==========] 1 test from 1 test suite ran. (0 ms total)
[  PASSED  ] 1 test.
<end of output>
Test time =   0.01 sec
----------------------------------------------------------
Test Passed.
"CatalogTest.HandleDuplicateIds" end time: Oct 05 21:46 EDT
"CatalogTest.HandleDuplicateIds" time elapsed: 00:00:00
----------------------------------------------------------

6/29 Testing: HeapPageIdTest.GetTableId
6/29 Test: HeapPageIdTest.GetTableId
Command: "/home/teona/Documents/courses/CS660/cs660-pa/build/tests/db_test" "--gtest_filter=HeapPageIdTest.GetTableId" "--gtest_also_run_disabled_tests"
Directory: /home/teona/Documents/courses/CS660/cs660-pa/build/tests
"HeapPageIdTest.GetTableId" start time: Oct 05 21:46 EDT
Output:
----------------------------------------------------------
Running main() from /home/teona/Documents/courses/CS660/cs660-pa/build/_deps/googletest-src/googletest/src/gtest_main.cc
Note: Google Test filter = HeapPageIdTest.GetTableId
[==========] Running 1 test from 1 test suite.
[----------] Global test environment set-up.
[----------] 1 test from HeapPageIdTest
[ RUN      ] HeapPageIdTest.GetTableId
[       OK ] HeapPageIdTest.GetTableId (0 ms)
[----------] 1 test from HeapPageIdTest (0 ms total)

[----------] Global test environment tear-down
[==========] 1 test from 1 test suite ran. (0 ms total)
[  PASSED  ] 1 test.
<end of output>
Test time =   0.01 sec
----------------------------------------------------------
Test Passed.
"HeapPageIdTest.GetTableId" end time: Oct 05 21:46 EDT
"HeapPageIdTest.GetTableId" time elapsed: 00:00:00
----------------------------------------------------------

7/29 Testing: HeapPageIdTest.PageNumber
7/29 Test: HeapPageIdTest.PageNumber
Command: "/home/teona/Documents/courses/CS660/cs660-pa/build/tests/db_test" "--gtest_filter=HeapPageIdTest.PageNumber" "--gtest_also_run_disabled_tests"
Directory: /home/teona/Documents/courses/CS660/cs660-pa/build/tests
"HeapPageIdTest.PageNumber" start time: Oct 05 21:46 EDT
Output:
----------------------------------------------------------
Running main() from /home/teona/Documents/courses/CS660/cs660-pa/build/_deps/googletest-src/googletest/src/gtest_main.cc
Note: Google Test filter = HeapPageIdTest.PageNumber
[==========] Running 1 test from 1 test suite.
[----------] Global test environment set-up.
[----------] 1 test from HeapPageIdTest
[ RUN      ] HeapPageIdTest.PageNumber
[       OK ] HeapPageIdTest.PageNumber (0 ms)
[----------] 1 test from HeapPageIdTest (0 ms total)

[----------] Global test environment tear-down
[==========] 1 test from 1 test suite ran. (0 ms total)
[  PASSED  ] 1 test.
<end of output>
Test time =   0.00 sec
----------------------------------------------------------
Test Passed.
"HeapPageIdTest.PageNumber" end time: Oct 05 21:46 EDT
"HeapPageIdTest.PageNumber" time elapsed: 00:00:00
----------------------------------------------------------

8/29 Testing: HeapPageIdTest.HashCode
8/29 Test: HeapPageIdTest.HashCode
Command: "/home/teona/Documents/courses/CS660/cs660-pa/build/tests/db_test" "--gtest_filter=HeapPageIdTest.HashCode" "--gtest_also_run_disabled_tests"
Directory: /home/teona/Documents/courses/CS660/cs660-pa/build/tests
"HeapPageIdTest.HashCode" start time: Oct 05 21:46 EDT
Output:
----------------------------------------------------------
Running main() from /home/teona/Documents/courses/CS660/cs660-pa/build/_deps/googletest-src/googletest/src/gtest_main.cc
Note: Google Test filter = HeapPageIdTest.HashCode
[==========] Running 1 test from 1 test suite.
[----------] Global test environment set-up.
[----------] 1 test from HeapPageIdTest
[ RUN      ] HeapPageIdTest.HashCode
[       OK ] HeapPageIdTest.HashCode (0 ms)
[----------] 1 test from HeapPageIdTest (0 ms total)

[----------] Global test environment tear-down
[==========] 1 test from 1 test suite ran. (0 ms total)
[  PASSED  ] 1 test.
<end of output>
Test time =   0.00 sec
----------------------------------------------------------
Test Passed.
"HeapPageIdTest.HashCode" end time: Oct 05 21:46 EDT
"HeapPageIdTest.HashCode" time elapsed: 00:00:00
----------------------------------------------------------

9/29 Testing: HeapPageIdTest.Equals
9/29 Test: HeapPageIdTest.Equals
Command: "/home/teona/Documents/courses/CS660/cs660-pa/build/tests/db_test" "--gtest_filter=HeapPageIdTest.Equals" "--gtest_also_run_disabled_tests"
Directory: /home/teona/Documents/courses/CS660/cs660-pa/build/tests
"HeapPageIdTest.Equals" start time: Oct 05 21:46 EDT
Output:
----------------------------------------------------------
Running main() from /home/teona/Documents/courses/CS660/cs660-pa/build/_deps/googletest-src/googletest/src/gtest_main.cc
Note: Google Test filter = HeapPageIdTest.Equals
[==========] Running 1 test from 1 test suite.
[----------] Global test environment set-up.
[----------] 1 test from HeapPageIdTest
[ RUN      ] HeapPageIdTest.Equals
[       OK ] HeapPageIdTest.Equals (0 ms)
[----------] 1 test from HeapPageIdTest (0 ms total)

[----------] Global test environment tear-down
[==========] 1 test from 1 test suite ran. (0 ms total)
[  PASSED  ] 1 test.
<end of output>
Test time =   0.00 sec
----------------------------------------------------------
Test Passed.
"HeapPageIdTest.Equals" end time: Oct 05 21:46 EDT
"HeapPageIdTest.Equals" time elapsed: 00:00:00
----------------------------------------------------------

10/29 Testing: HeapPageReadTest.GetId
10/29 Test: HeapPageReadTest.GetId
Command: "/home/teona/Documents/courses/CS660/cs660-pa/build/tests/db_test" "--gtest_filter=HeapPageReadTest.GetId" "--gtest_also_run_disabled_tests"
Directory: /home/teona/Documents/courses/CS660/cs660-pa/build/tests
"HeapPageReadTest.GetId" start time: Oct 05 21:46 EDT
Output:
----------------------------------------------------------
Running main() from /home/teona/Documents/courses/CS660/cs660-pa/build/_deps/googletest-src/googletest/src/gtest_main.cc
Note: Google Test filter = HeapPageReadTest.GetId
[==========] Running 1 test from 1 test suite.
[----------] Global test environment set-up.
[----------] 1 test from HeapPageReadTest
[ RUN      ] HeapPageReadTest.GetId
[       OK ] HeapPageReadTest.GetId (0 ms)
[----------] 1 test from HeapPageReadTest (0 ms total)

[----------] Global test environment tear-down
[==========] 1 test from 1 test suite ran. (0 ms total)
[  PASSED  ] 1 test.
<end of output>
Test time =   0.00 sec
----------------------------------------------------------
Test Passed.
"HeapPageReadTest.GetId" end time: Oct 05 21:46 EDT
"HeapPageReadTest.GetId" time elapsed: 00:00:00
----------------------------------------------------------

11/29 Testing: HeapPageReadTest.TestIterator
11/29 Test: HeapPageReadTest.TestIterator
Command: "/home/teona/Documents/courses/CS660/cs660-pa/build/tests/db_test" "--gtest_filter=HeapPageReadTest.TestIterator" "--gtest_also_run_disabled_tests"
Directory: /home/teona/Documents/courses/CS660/cs660-pa/build/tests
"HeapPageReadTest.TestIterator" start time: Oct 05 21:46 EDT
Output:
----------------------------------------------------------
Running main() from /home/teona/Documents/courses/CS660/cs660-pa/build/_deps/googletest-src/googletest/src/gtest_main.cc
Note: Google Test filter = HeapPageReadTest.TestIterator
[==========] Running 1 test from 1 test suite.
[----------] Global test environment set-up.
[----------] 1 test from HeapPageReadTest
[ RUN      ] HeapPageReadTest.TestIterator
/home/teona/Documents/courses/CS660/cs660-pa/tests/HeapPageRead_test.cpp:79: Failure
Expected equality of these values:
  EXAMPLE_VALUES[row][0]
    Which is: 31933
  if0->getValue()
    Which is: 8174848

/home/teona/Documents/courses/CS660/cs660-pa/tests/HeapPageRead_test.cpp:84: Failure
Expected equality of these values:
  EXAMPLE_VALUES[row][1]
    Which is: 862
  if1->getValue()
    Which is: 220672

/home/teona/Documents/courses/CS660/cs660-pa/tests/HeapPageRead_test.cpp:79: Failure
Expected equality of these values:
  EXAMPLE_VALUES[row][0]
    Which is: 29402
  if0->getValue()
    Which is: 7526912

/home/teona/Documents/courses/CS660/cs660-pa/tests/HeapPageRead_test.cpp:84: Failure
Expected equality of these values:
  EXAMPLE_VALUES[row][1]
    Which is: 56883
  if1->getValue()
    Which is: 14562048

/home/teona/Documents/courses/CS660/cs660-pa/tests/HeapPageRead_test.cpp:79: Failure
Expected equality of these values:
  EXAMPLE_VALUES[row][0]
    Which is: 1468
  if0->getValue()
    Which is: 375808

/home/teona/Documents/courses/CS660/cs660-pa/tests/HeapPageRead_test.cpp:84: Failure
Expected equality of these values:
  EXAMPLE_VALUES[row][1]
    Which is: 5825
  if1->getValue()
    Which is: 1491200

/home/teona/Documents/courses/CS660/cs660-pa/tests/HeapPageRead_test.cpp:79: Failure
Expected equality of these values:
  EXAMPLE_VALUES[row][0]
    Which is: 17876
  if0->getValue()
    Which is: 4576256

/home/teona/Documents/courses/CS660/cs660-pa/tests/HeapPageRead_test.cpp:84: Failure
Expected equality of these values:
  EXAMPLE_VALUES[row][1]
    Which is: 52278
  if1->getValue()
    Which is: 13383168

/home/teona/Documents/courses/CS660/cs660-pa/tests/HeapPageRead_test.cpp:79: Failure
Expected equality of these values:
  EXAMPLE_VALUES[row][0]
    Which is: 6350
  if0->getValue()
    Which is: 1625600

/home/teona/Documents/courses/CS660/cs660-pa/tests/HeapPageRead_test.cpp:84: Failure
Expected equality of these values:
  EXAMPLE_VALUES[row][1]
    Which is: 36090
  if1->getValue()
    Which is: 9239040

/home/teona/Documents/courses/CS660/cs660-pa/tests/HeapPageRead_test.cpp:79: Failure
Expected equality of these values:
  EXAMPLE_VALUES[row][0]
    Which is: 34784
  if0->getValue()
    Which is: 8904704

/home/teona/Documents/courses/CS660/cs660-pa/tests/HeapPageRead_test.cpp:84: Failure
Expected equality of these values:
  EXAMPLE_VALUES[row][1]
    Which is: 43771
  if1->getValue()
    Which is: 11205376

/home/teona/Documents/courses/CS660/cs660-pa/tests/HeapPageRead_test.cpp:79: Failure
Expected equality of these values:
  EXAMPLE_VALUES[row][0]
    Which is: 28617
  if0->getValue()
    Which is: 7325952

/home/teona/Documents/courses/CS660/cs660-pa/tests/HeapPageRead_test.cpp:84: Failure
Expected equality of these values:
  EXAMPLE_VALUES[row][1]
    Which is: 56874
  if1->getValue()
    Which is: 14559744

/home/teona/Documents/courses/CS660/cs660-pa/tests/HeapPageRead_test.cpp:79: Failure
Expected equality of these values:
  EXAMPLE_VALUES[row][0]
    Which is: 19209
  if0->getValue()
    Which is: 4917504

/home/teona/Documents/courses/CS660/cs660-pa/tests/HeapPageRead_test.cpp:84: Failure
Expected equality of these values:
  EXAMPLE_VALUES[row][1]
    Which is: 23253
  if1->getValue()
    Which is: 5952768

/home/teona/Documents/courses/CS660/cs660-pa/tests/HeapPageRead_test.cpp:79: Failure
Expected equality of these values:
  EXAMPLE_VALUES[row][0]
    Which is: 56462
  if0->getValue()
    Which is: 14454272

/home/teona/Documents/courses/CS660/cs660-pa/tests/HeapPageRead_test.cpp:84: Failure
Expected equality of these values:
  EXAMPLE_VALUES[row][1]
    Which is: 24979
  if1->getValue()
    Which is: 6394624

/home/teona/Documents/courses/CS660/cs660-pa/tests/HeapPageRead_test.cpp:79: Failure
Expected equality of these values:
  EXAMPLE_VALUES[row][0]
    Which is: 51440
  if0->getValue()
    Which is: 13168640

/home/teona/Documents/courses/CS660/cs660-pa/tests/HeapPageRead_test.cpp:84: Failure
Expected equality of these values:
  EXAMPLE_VALUES[row][1]
    Which is: 56685
  if1->getValue()
    Which is: 14511360

/home/teona/Documents/courses/CS660/cs660-pa/tests/HeapPageRead_test.cpp:79: Failure
Expected equality of these values:
  EXAMPLE_VALUES[row][0]
    Which is: 3596
  if0->getValue()
    Which is: 920576

/home/teona/Documents/courses/CS660/cs660-pa/tests/HeapPageRead_test.cpp:84: Failure
Expected equality of these values:
  EXAMPLE_VALUES[row][1]
    Which is: 62307
  if1->getValue()
    Which is: 15950592

/home/teona/Documents/courses/CS660/cs660-pa/tests/HeapPageRead_test.cpp:79: Failure
Expected equality of these values:
  EXAMPLE_VALUES[row][0]
    Which is: 45569
  if0->getValue()
    Which is: 11665664

/home/teona/Documents/courses/CS660/cs660-pa/tests/HeapPageRead_test.cpp:84: Failure
Expected equality of these values:
  EXAMPLE_VALUES[row][1]
    Which is: 2719
  if1->getValue()
    Which is: 696064

/home/teona/Documents/courses/CS660/cs660-pa/tests/HeapPageRead_test.cpp:79: Failure
Expected equality of these values:
  EXAMPLE_VALUES[row][0]
    Which is: 22064
  if0->getValue()
    Which is: 5648384

/home/teona/Documents/courses/CS660/cs660-pa/tests/HeapPageRead_test.cpp:84: Failure
Expected equality of these values:
  EXAMPLE_VALUES[row][1]
    Which is: 43575
  if1->getValue()
    Which is: 11155200

/home/teona/Documents/courses/CS660/cs660-pa/tests/HeapPageRead_test.cpp:79: Failure
Expected equality of these values:
  EXAMPLE_VALUES[row][0]
    Which is: 42812
  if0->getValue()
    Which is: 10959872

/home/teona/Documents/courses/CS660/cs660-pa/tests/HeapPageRead_test.cpp:84: Failure
Expected equality of these values:
  EXAMPLE_VALUES[row][1]
    Which is: 44947
  if1->getValue()
    Which is: 11506432

/home/teona/Documents/courses/CS660/cs660-pa/tests/HeapPageRead_test.cpp:79: Failure
Expected equality of these values:
  EXAMPLE_VALUES[row][0]
    Which is: 22189
  if0->getValue()
    Which is: 5680384

/home/teona/Documents/courses/CS660/cs660-pa/tests/HeapPageRead_test.cpp:84: Failure
Expected equality of these values:
  EXAMPLE_VALUES[row][1]
    Which is: 19724
  if1->getValue()
    Which is: 5049344

/home/teona/Documents/courses/CS660/cs660-pa/tests/HeapPageRead_test.cpp:79: Failure
Expected equality of these values:
  EXAMPLE_VALUES[row][0]
    Which is: 33549
  if0->getValue()
    Which is: 8588544

/home/teona/Documents/courses/CS660/cs660-pa/tests/HeapPageRead_test.cpp:84: Failure
Expected equality of these values:
  EXAMPLE_VALUES[row][1]
    Which is: 36554
  if1->getValue()
    Which is: 9357824

/home/teona/Documents/courses/CS660/cs660-pa/tests/HeapPageRead_test.cpp:79: Failure
Expected equality of these values:
  EXAMPLE_VALUES[row][0]
    Which is: 9086
  if0->getValue()
    Which is: 2326016

/home/teona/Documents/courses/CS660/cs660-pa/tests/HeapPageRead_test.cpp:84: Failure
Expected equality of these values:
  EXAMPLE_VALUES[row][1]
    Which is: 53184
  if1->getValue()
    Which is: 13615104

/home/teona/Documents/courses/CS660/cs660-pa/tests/HeapPageRead_test.cpp:79: Failure
Expected equality of these values:
  EXAMPLE_VALUES[row][0]
    Which is: 42878
  if0->getValue()
    Which is: 10976768

/home/teona/Documents/courses/CS660/cs660-pa/tests/HeapPageRead_test.cpp:84: Failure
Expected equality of these values:
  EXAMPLE_VALUES[row][1]
    Which is: 33394
  if1->getValue()
    Which is: 8548864

/home/teona/Documents/courses/CS660/cs660-pa/tests/HeapPageRead_test.cpp:79: Failure
Expected equality of these values:
  EXAMPLE_VALUES[row][0]
    Which is: 62778
  if0->getValue()
    Which is: 16071168

/home/teona/Documents/courses/CS660/cs660-pa/tests/HeapPageRead_test.cpp:84: Failure
Expected equality of these values:
  EXAMPLE_VALUES[row][1]
    Which is: 21122
  if1->getValue()
    Which is: 5407232

/home/teona/Documents/courses/CS660/cs660-pa/tests/HeapPageRead_test.cpp:79: Failure
Expected equality of these values:
  EXAMPLE_VALUES[row][0]
    Which is: 17197
  if0->getValue()
    Which is: 4402432

/home/teona/Documents/courses/CS660/cs660-pa/tests/HeapPageRead_test.cpp:84: Failure
Expected equality of these values:
  EXAMPLE_VALUES[row][1]
    Which is: 16388
  if1->getValue()
    Which is: 4195328

[  FAILED  ] HeapPageReadTest.TestIterator (2 ms)
[----------] 1 test from HeapPageReadTest (2 ms total)

[----------] Global test environment tear-down
[==========] 1 test from 1 test suite ran. (2 ms total)
[  PASSED  ] 0 tests.
[  FAILED  ] 1 test, listed below:
[  FAILED  ] HeapPageReadTest.TestIterator

 1 FAILED TEST
<end of output>
Test time =   0.01 sec
----------------------------------------------------------
Test Failed.
"HeapPageReadTest.TestIterator" end time: Oct 05 21:46 EDT
"HeapPageReadTest.TestIterator" time elapsed: 00:00:00
----------------------------------------------------------

12/29 Testing: HeapPageReadTest.GetNumEmptySlots
12/29 Test: HeapPageReadTest.GetNumEmptySlots
Command: "/home/teona/Documents/courses/CS660/cs660-pa/build/tests/db_test" "--gtest_filter=HeapPageReadTest.GetNumEmptySlots" "--gtest_also_run_disabled_tests"
Directory: /home/teona/Documents/courses/CS660/cs660-pa/build/tests
"HeapPageReadTest.GetNumEmptySlots" start time: Oct 05 21:46 EDT
Output:
----------------------------------------------------------
Running main() from /home/teona/Documents/courses/CS660/cs660-pa/build/_deps/googletest-src/googletest/src/gtest_main.cc
Note: Google Test filter = HeapPageReadTest.GetNumEmptySlots
[==========] Running 1 test from 1 test suite.
[----------] Global test environment set-up.
[----------] 1 test from HeapPageReadTest
[ RUN      ] HeapPageReadTest.GetNumEmptySlots
[       OK ] HeapPageReadTest.GetNumEmptySlots (0 ms)
[----------] 1 test from HeapPageReadTest (0 ms total)

[----------] Global test environment tear-down
[==========] 1 test from 1 test suite ran. (0 ms total)
[  PASSED  ] 1 test.
<end of output>
Test time =   0.00 sec
----------------------------------------------------------
Test Passed.
"HeapPageReadTest.GetNumEmptySlots" end time: Oct 05 21:46 EDT
"HeapPageReadTest.GetNumEmptySlots" time elapsed: 00:00:00
----------------------------------------------------------

13/29 Testing: HeapPageReadTest.GetSlot
13/29 Test: HeapPageReadTest.GetSlot
Command: "/home/teona/Documents/courses/CS660/cs660-pa/build/tests/db_test" "--gtest_filter=HeapPageReadTest.GetSlot" "--gtest_also_run_disabled_tests"
Directory: /home/teona/Documents/courses/CS660/cs660-pa/build/tests
"HeapPageReadTest.GetSlot" start time: Oct 05 21:46 EDT
Output:
----------------------------------------------------------
Running main() from /home/teona/Documents/courses/CS660/cs660-pa/build/_deps/googletest-src/googletest/src/gtest_main.cc
Note: Google Test filter = HeapPageReadTest.GetSlot
[==========] Running 1 test from 1 test suite.
[----------] Global test environment set-up.
[----------] 1 test from HeapPageReadTest
[ RUN      ] HeapPageReadTest.GetSlot
[       OK ] HeapPageReadTest.GetSlot (0 ms)
[----------] 1 test from HeapPageReadTest (0 ms total)

[----------] Global test environment tear-down
[==========] 1 test from 1 test suite ran. (0 ms total)
[  PASSED  ] 1 test.
<end of output>
Test time =   0.00 sec
----------------------------------------------------------
Test Passed.
"HeapPageReadTest.GetSlot" end time: Oct 05 21:46 EDT
"HeapPageReadTest.GetSlot" time elapsed: 00:00:00
----------------------------------------------------------

14/29 Testing: RecordIdTest.GetPageId
14/29 Test: RecordIdTest.GetPageId
Command: "/home/teona/Documents/courses/CS660/cs660-pa/build/tests/db_test" "--gtest_filter=RecordIdTest.GetPageId" "--gtest_also_run_disabled_tests"
Directory: /home/teona/Documents/courses/CS660/cs660-pa/build/tests
"RecordIdTest.GetPageId" start time: Oct 05 21:46 EDT
Output:
----------------------------------------------------------
Running main() from /home/teona/Documents/courses/CS660/cs660-pa/build/_deps/googletest-src/googletest/src/gtest_main.cc
Note: Google Test filter = RecordIdTest.GetPageId
[==========] Running 1 test from 1 test suite.
[----------] Global test environment set-up.
[----------] 1 test from RecordIdTest
[ RUN      ] RecordIdTest.GetPageId
[       OK ] RecordIdTest.GetPageId (0 ms)
[----------] 1 test from RecordIdTest (0 ms total)

[----------] Global test environment tear-down
[==========] 1 test from 1 test suite ran. (0 ms total)
[  PASSED  ] 1 test.
<end of output>
Test time =   0.00 sec
----------------------------------------------------------
Test Passed.
"RecordIdTest.GetPageId" end time: Oct 05 21:46 EDT
"RecordIdTest.GetPageId" time elapsed: 00:00:00
----------------------------------------------------------

15/29 Testing: RecordIdTest.Tupleno
15/29 Test: RecordIdTest.Tupleno
Command: "/home/teona/Documents/courses/CS660/cs660-pa/build/tests/db_test" "--gtest_filter=RecordIdTest.Tupleno" "--gtest_also_run_disabled_tests"
Directory: /home/teona/Documents/courses/CS660/cs660-pa/build/tests
"RecordIdTest.Tupleno" start time: Oct 05 21:46 EDT
Output:
----------------------------------------------------------
Running main() from /home/teona/Documents/courses/CS660/cs660-pa/build/_deps/googletest-src/googletest/src/gtest_main.cc
Note: Google Test filter = RecordIdTest.Tupleno
[==========] Running 1 test from 1 test suite.
[----------] Global test environment set-up.
[----------] 1 test from RecordIdTest
[ RUN      ] RecordIdTest.Tupleno
[       OK ] RecordIdTest.Tupleno (0 ms)
[----------] 1 test from RecordIdTest (0 ms total)

[----------] Global test environment tear-down
[==========] 1 test from 1 test suite ran. (0 ms total)
[  PASSED  ] 1 test.
<end of output>
Test time =   0.00 sec
----------------------------------------------------------
Test Passed.
"RecordIdTest.Tupleno" end time: Oct 05 21:46 EDT
"RecordIdTest.Tupleno" time elapsed: 00:00:00
----------------------------------------------------------

16/29 Testing: RecordIdTest.Equals
16/29 Test: RecordIdTest.Equals
Command: "/home/teona/Documents/courses/CS660/cs660-pa/build/tests/db_test" "--gtest_filter=RecordIdTest.Equals" "--gtest_also_run_disabled_tests"
Directory: /home/teona/Documents/courses/CS660/cs660-pa/build/tests
"RecordIdTest.Equals" start time: Oct 05 21:46 EDT
Output:
----------------------------------------------------------
Running main() from /home/teona/Documents/courses/CS660/cs660-pa/build/_deps/googletest-src/googletest/src/gtest_main.cc
Note: Google Test filter = RecordIdTest.Equals
[==========] Running 1 test from 1 test suite.
[----------] Global test environment set-up.
[----------] 1 test from RecordIdTest
[ RUN      ] RecordIdTest.Equals
[       OK ] RecordIdTest.Equals (0 ms)
[----------] 1 test from RecordIdTest (0 ms total)

[----------] Global test environment tear-down
[==========] 1 test from 1 test suite ran. (0 ms total)
[  PASSED  ] 1 test.
<end of output>
Test time =   0.00 sec
----------------------------------------------------------
Test Passed.
"RecordIdTest.Equals" end time: Oct 05 21:46 EDT
"RecordIdTest.Equals" time elapsed: 00:00:00
----------------------------------------------------------

17/29 Testing: RecordIdTest.HashCode
17/29 Test: RecordIdTest.HashCode
Command: "/home/teona/Documents/courses/CS660/cs660-pa/build/tests/db_test" "--gtest_filter=RecordIdTest.HashCode" "--gtest_also_run_disabled_tests"
Directory: /home/teona/Documents/courses/CS660/cs660-pa/build/tests
"RecordIdTest.HashCode" start time: Oct 05 21:46 EDT
Output:
----------------------------------------------------------
Running main() from /home/teona/Documents/courses/CS660/cs660-pa/build/_deps/googletest-src/googletest/src/gtest_main.cc
Note: Google Test filter = RecordIdTest.HashCode
[==========] Running 1 test from 1 test suite.
[----------] Global test environment set-up.
[----------] 1 test from RecordIdTest
[ RUN      ] RecordIdTest.HashCode
[       OK ] RecordIdTest.HashCode (0 ms)
[----------] 1 test from RecordIdTest (0 ms total)

[----------] Global test environment tear-down
[==========] 1 test from 1 test suite ran. (0 ms total)
[  PASSED  ] 1 test.
<end of output>
Test time =   0.00 sec
----------------------------------------------------------
Test Passed.
"RecordIdTest.HashCode" end time: Oct 05 21:46 EDT
"RecordIdTest.HashCode" time elapsed: 00:00:00
----------------------------------------------------------

18/29 Testing: SeqScanTest.IterateFile
18/29 Test: SeqScanTest.IterateFile
Command: "/home/teona/Documents/courses/CS660/cs660-pa/build/tests/db_test" "--gtest_filter=SeqScanTest.IterateFile" "--gtest_also_run_disabled_tests"
Directory: /home/teona/Documents/courses/CS660/cs660-pa/build/tests
"SeqScanTest.IterateFile" start time: Oct 05 21:46 EDT
Output:
----------------------------------------------------------
Running main() from /home/teona/Documents/courses/CS660/cs660-pa/build/_deps/googletest-src/googletest/src/gtest_main.cc
Note: Google Test filter = SeqScanTest.IterateFile
[==========] Running 1 test from 1 test suite.
[----------] Global test environment set-up.
[----------] 1 test from SeqScanTest
[ RUN      ] SeqScanTest.IterateFile
unknown file: Failure
C++ exception with description "Invalid table id" thrown in the test body.

[  FAILED  ] SeqScanTest.IterateFile (0 ms)
[----------] 1 test from SeqScanTest (0 ms total)

[----------] Global test environment tear-down
[==========] 1 test from 1 test suite ran. (0 ms total)
[  PASSED  ] 0 tests.
[  FAILED  ] 1 test, listed below:
[  FAILED  ] SeqScanTest.IterateFile

 1 FAILED TEST
<end of output>
Test time =   0.00 sec
----------------------------------------------------------
Test Failed.
"SeqScanTest.IterateFile" end time: Oct 05 21:46 EDT
"SeqScanTest.IterateFile" time elapsed: 00:00:00
----------------------------------------------------------

19/29 Testing: TupleDescTest.Combine
19/29 Test: TupleDescTest.Combine
Command: "/home/teona/Documents/courses/CS660/cs660-pa/build/tests/db_test" "--gtest_filter=TupleDescTest.Combine" "--gtest_also_run_disabled_tests"
Directory: /home/teona/Documents/courses/CS660/cs660-pa/build/tests
"TupleDescTest.Combine" start time: Oct 05 21:46 EDT
Output:
----------------------------------------------------------
Running main() from /home/teona/Documents/courses/CS660/cs660-pa/build/_deps/googletest-src/googletest/src/gtest_main.cc
Note: Google Test filter = TupleDescTest.Combine
[==========] Running 1 test from 1 test suite.
[----------] Global test environment set-up.
[----------] 1 test from TupleDescTest
[ RUN      ] TupleDescTest.Combine
[       OK ] TupleDescTest.Combine (0 ms)
[----------] 1 test from TupleDescTest (0 ms total)

[----------] Global test environment tear-down
[==========] 1 test from 1 test suite ran. (0 ms total)
[  PASSED  ] 1 test.
<end of output>
Test time =   0.00 sec
----------------------------------------------------------
Test Passed.
"TupleDescTest.Combine" end time: Oct 05 21:46 EDT
"TupleDescTest.Combine" time elapsed: 00:00:00
----------------------------------------------------------

20/29 Testing: TupleDescTest.GetType
20/29 Test: TupleDescTest.GetType
Command: "/home/teona/Documents/courses/CS660/cs660-pa/build/tests/db_test" "--gtest_filter=TupleDescTest.GetType" "--gtest_also_run_disabled_tests"
Directory: /home/teona/Documents/courses/CS660/cs660-pa/build/tests
"TupleDescTest.GetType" start time: Oct 05 21:46 EDT
Output:
----------------------------------------------------------
Running main() from /home/teona/Documents/courses/CS660/cs660-pa/build/_deps/googletest-src/googletest/src/gtest_main.cc
Note: Google Test filter = TupleDescTest.GetType
[==========] Running 1 test from 1 test suite.
[----------] Global test environment set-up.
[----------] 1 test from TupleDescTest
[ RUN      ] TupleDescTest.GetType
[       OK ] TupleDescTest.GetType (0 ms)
[----------] 1 test from TupleDescTest (0 ms total)

[----------] Global test environment tear-down
[==========] 1 test from 1 test suite ran. (0 ms total)
[  PASSED  ] 1 test.
<end of output>
Test time =   0.00 sec
----------------------------------------------------------
Test Passed.
"TupleDescTest.GetType" end time: Oct 05 21:46 EDT
"TupleDescTest.GetType" time elapsed: 00:00:00
----------------------------------------------------------

21/29 Testing: TupleDescTest.NameToId
21/29 Test: TupleDescTest.NameToId
Command: "/home/teona/Documents/courses/CS660/cs660-pa/build/tests/db_test" "--gtest_filter=TupleDescTest.NameToId" "--gtest_also_run_disabled_tests"
Directory: /home/teona/Documents/courses/CS660/cs660-pa/build/tests
"TupleDescTest.NameToId" start time: Oct 05 21:46 EDT
Output:
----------------------------------------------------------
Running main() from /home/teona/Documents/courses/CS660/cs660-pa/build/_deps/googletest-src/googletest/src/gtest_main.cc
Note: Google Test filter = TupleDescTest.NameToId
[==========] Running 1 test from 1 test suite.
[----------] Global test environment set-up.
[----------] 1 test from TupleDescTest
[ RUN      ] TupleDescTest.NameToId
[       OK ] TupleDescTest.NameToId (13 ms)
[----------] 1 test from TupleDescTest (14 ms total)

[----------] Global test environment tear-down
[==========] 1 test from 1 test suite ran. (14 ms total)
[  PASSED  ] 1 test.
<end of output>
Test time =   0.02 sec
----------------------------------------------------------
Test Passed.
"TupleDescTest.NameToId" end time: Oct 05 21:46 EDT
"TupleDescTest.NameToId" time elapsed: 00:00:00
----------------------------------------------------------

22/29 Testing: TupleDescTest.GetSize
22/29 Test: TupleDescTest.GetSize
Command: "/home/teona/Documents/courses/CS660/cs660-pa/build/tests/db_test" "--gtest_filter=TupleDescTest.GetSize" "--gtest_also_run_disabled_tests"
Directory: /home/teona/Documents/courses/CS660/cs660-pa/build/tests
"TupleDescTest.GetSize" start time: Oct 05 21:46 EDT
Output:
----------------------------------------------------------
Running main() from /home/teona/Documents/courses/CS660/cs660-pa/build/_deps/googletest-src/googletest/src/gtest_main.cc
Note: Google Test filter = TupleDescTest.GetSize
[==========] Running 1 test from 1 test suite.
[----------] Global test environment set-up.
[----------] 1 test from TupleDescTest
[ RUN      ] TupleDescTest.GetSize
[       OK ] TupleDescTest.GetSize (0 ms)
[----------] 1 test from TupleDescTest (0 ms total)

[----------] Global test environment tear-down
[==========] 1 test from 1 test suite ran. (0 ms total)
[  PASSED  ] 1 test.
<end of output>
Test time =   0.00 sec
----------------------------------------------------------
Test Passed.
"TupleDescTest.GetSize" end time: Oct 05 21:46 EDT
"TupleDescTest.GetSize" time elapsed: 00:00:00
----------------------------------------------------------

23/29 Testing: TupleDescTest.NumFields
23/29 Test: TupleDescTest.NumFields
Command: "/home/teona/Documents/courses/CS660/cs660-pa/build/tests/db_test" "--gtest_filter=TupleDescTest.NumFields" "--gtest_also_run_disabled_tests"
Directory: /home/teona/Documents/courses/CS660/cs660-pa/build/tests
"TupleDescTest.NumFields" start time: Oct 05 21:46 EDT
Output:
----------------------------------------------------------
Running main() from /home/teona/Documents/courses/CS660/cs660-pa/build/_deps/googletest-src/googletest/src/gtest_main.cc
Note: Google Test filter = TupleDescTest.NumFields
[==========] Running 1 test from 1 test suite.
[----------] Global test environment set-up.
[----------] 1 test from TupleDescTest
[ RUN      ] TupleDescTest.NumFields
[       OK ] TupleDescTest.NumFields (0 ms)
[----------] 1 test from TupleDescTest (0 ms total)

[----------] Global test environment tear-down
[==========] 1 test from 1 test suite ran. (0 ms total)
[  PASSED  ] 1 test.
<end of output>
Test time =   0.00 sec
----------------------------------------------------------
Test Passed.
"TupleDescTest.NumFields" end time: Oct 05 21:46 EDT
"TupleDescTest.NumFields" time elapsed: 00:00:00
----------------------------------------------------------

24/29 Testing: TupleDescTest.Equals
24/29 Test: TupleDescTest.Equals
Command: "/home/teona/Documents/courses/CS660/cs660-pa/build/tests/db_test" "--gtest_filter=TupleDescTest.Equals" "--gtest_also_run_disabled_tests"
Directory: /home/teona/Documents/courses/CS660/cs660-pa/build/tests
"TupleDescTest.Equals" start time: Oct 05 21:46 EDT
Output:
----------------------------------------------------------
Running main() from /home/teona/Documents/courses/CS660/cs660-pa/build/_deps/googletest-src/googletest/src/gtest_main.cc
Note: Google Test filter = TupleDescTest.Equals
[==========] Running 1 test from 1 test suite.
[----------] Global test environment set-up.
[----------] 1 test from TupleDescTest
[ RUN      ] TupleDescTest.Equals
[       OK ] TupleDescTest.Equals (0 ms)
[----------] 1 test from TupleDescTest (0 ms total)

[----------] Global test environment tear-down
[==========] 1 test from 1 test suite ran. (0 ms total)
[  PASSED  ] 1 test.
<end of output>
Test time =   0.00 sec
----------------------------------------------------------
Test Passed.
"TupleDescTest.Equals" end time: Oct 05 21:46 EDT
"TupleDescTest.Equals" time elapsed: 00:00:00
----------------------------------------------------------

25/29 Testing: TupleDescTest.Iterate
25/29 Test: TupleDescTest.Iterate
Command: "/home/teona/Documents/courses/CS660/cs660-pa/build/tests/db_test" "--gtest_filter=TupleDescTest.Iterate" "--gtest_also_run_disabled_tests"
Directory: /home/teona/Documents/courses/CS660/cs660-pa/build/tests
"TupleDescTest.Iterate" start time: Oct 05 21:46 EDT
Output:
----------------------------------------------------------
Running main() from /home/teona/Documents/courses/CS660/cs660-pa/build/_deps/googletest-src/googletest/src/gtest_main.cc
Note: Google Test filter = TupleDescTest.Iterate
[==========] Running 1 test from 1 test suite.
[----------] Global test environment set-up.
[----------] 1 test from TupleDescTest
[ RUN      ] TupleDescTest.Iterate
[       OK ] TupleDescTest.Iterate (0 ms)
[----------] 1 test from TupleDescTest (0 ms total)

[----------] Global test environment tear-down
[==========] 1 test from 1 test suite ran. (0 ms total)
[  PASSED  ] 1 test.
<end of output>
Test time =   0.00 sec
----------------------------------------------------------
Test Passed.
"TupleDescTest.Iterate" end time: Oct 05 21:46 EDT
"TupleDescTest.Iterate" time elapsed: 00:00:00
----------------------------------------------------------

26/29 Testing: TupleTests.ModifyFields
26/29 Test: TupleTests.ModifyFields
Command: "/home/teona/Documents/courses/CS660/cs660-pa/build/tests/db_test" "--gtest_filter=TupleTests.ModifyFields" "--gtest_also_run_disabled_tests"
Directory: /home/teona/Documents/courses/CS660/cs660-pa/build/tests
"TupleTests.ModifyFields" start time: Oct 05 21:46 EDT
Output:
----------------------------------------------------------
Running main() from /home/teona/Documents/courses/CS660/cs660-pa/build/_deps/googletest-src/googletest/src/gtest_main.cc
Note: Google Test filter = TupleTests.ModifyFields
[==========] Running 1 test from 1 test suite.
[----------] Global test environment set-up.
[----------] 1 test from TupleTests
[ RUN      ] TupleTests.ModifyFields
[       OK ] TupleTests.ModifyFields (0 ms)
[----------] 1 test from TupleTests (0 ms total)

[----------] Global test environment tear-down
[==========] 1 test from 1 test suite ran. (0 ms total)
[  PASSED  ] 1 test.
<end of output>
Test time =   0.00 sec
----------------------------------------------------------
Test Passed.
"TupleTests.ModifyFields" end time: Oct 05 21:46 EDT
"TupleTests.ModifyFields" time elapsed: 00:00:00
----------------------------------------------------------

27/29 Testing: TupleTests.GetTupleDesc
27/29 Test: TupleTests.GetTupleDesc
Command: "/home/teona/Documents/courses/CS660/cs660-pa/build/tests/db_test" "--gtest_filter=TupleTests.GetTupleDesc" "--gtest_also_run_disabled_tests"
Directory: /home/teona/Documents/courses/CS660/cs660-pa/build/tests
"TupleTests.GetTupleDesc" start time: Oct 05 21:46 EDT
Output:
----------------------------------------------------------
Running main() from /home/teona/Documents/courses/CS660/cs660-pa/build/_deps/googletest-src/googletest/src/gtest_main.cc
Note: Google Test filter = TupleTests.GetTupleDesc
[==========] Running 1 test from 1 test suite.
[----------] Global test environment set-up.
[----------] 1 test from TupleTests
[ RUN      ] TupleTests.GetTupleDesc
[       OK ] TupleTests.GetTupleDesc (0 ms)
[----------] 1 test from TupleTests (0 ms total)

[----------] Global test environment tear-down
[==========] 1 test from 1 test suite ran. (0 ms total)
[  PASSED  ] 1 test.
<end of output>
Test time =   0.00 sec
----------------------------------------------------------
Test Passed.
"TupleTests.GetTupleDesc" end time: Oct 05 21:46 EDT
"TupleTests.GetTupleDesc" time elapsed: 00:00:00
----------------------------------------------------------

28/29 Testing: TupleTests.ModifyRecordId
28/29 Test: TupleTests.ModifyRecordId
Command: "/home/teona/Documents/courses/CS660/cs660-pa/build/tests/db_test" "--gtest_filter=TupleTests.ModifyRecordId" "--gtest_also_run_disabled_tests"
Directory: /home/teona/Documents/courses/CS660/cs660-pa/build/tests
"TupleTests.ModifyRecordId" start time: Oct 05 21:46 EDT
Output:
----------------------------------------------------------
Running main() from /home/teona/Documents/courses/CS660/cs660-pa/build/_deps/googletest-src/googletest/src/gtest_main.cc
Note: Google Test filter = TupleTests.ModifyRecordId
[==========] Running 1 test from 1 test suite.
[----------] Global test environment set-up.
[----------] 1 test from TupleTests
[ RUN      ] TupleTests.ModifyRecordId
[       OK ] TupleTests.ModifyRecordId (0 ms)
[----------] 1 test from TupleTests (0 ms total)

[----------] Global test environment tear-down
[==========] 1 test from 1 test suite ran. (0 ms total)
[  PASSED  ] 1 test.
<end of output>
Test time =   0.00 sec
----------------------------------------------------------
Test Passed.
"TupleTests.ModifyRecordId" end time: Oct 05 21:46 EDT
"TupleTests.ModifyRecordId" time elapsed: 00:00:00
----------------------------------------------------------

29/29 Testing: TupleTests.Iterate
29/29 Test: TupleTests.Iterate
Command: "/home/teona/Documents/courses/CS660/cs660-pa/build/tests/db_test" "--gtest_filter=TupleTests.Iterate" "--gtest_also_run_disabled_tests"
Directory: /home/teona/Documents/courses/CS660/cs660-pa/build/tests
"TupleTests.Iterate" start time: Oct 05 21:46 EDT
Output:
----------------------------------------------------------
Running main() from /home/teona/Documents/courses/CS660/cs660-pa/build/_deps/googletest-src/googletest/src/gtest_main.cc
Note: Google Test filter = TupleTests.Iterate
[==========] Running 1 test from 1 test suite.
[----------] Global test environment set-up.
[----------] 1 test from TupleTests
[ RUN      ] TupleTests.Iterate
[       OK ] TupleTests.Iterate (0 ms)
[----------] 1 test from TupleTests (0 ms total)

[----------] Global test environment tear-down
[==========] 1 test from 1 test suite ran. (0 ms total)
[  PASSED  ] 1 test.
<end of output>
Test time =   0.00 sec
----------------------------------------------------------
Test Passed.
"TupleTests.Iterate" end time: Oct 05 21:46 EDT
"TupleTests.Iterate" time elapsed: 00:00:00
----------------------------------------------------------

End testing: Oct 05 21:46 EDT
